[12/12/2017 13:56:45] /up
[12/12/2017 13:56:55] /t
[12/12/2017 13:58:4] /t
[28/12/2017 9:35:12] /t
[28/12/2017 9:35:29] /r
[28/12/2017 9:35:32] /r
[28/12/2017 9:35:35] /t
[28/12/2017 9:36:53] /i 9971
[28/12/2017 9:41:34] /a 2
[28/12/2017 9:41:42] /a 20
[28/12/2017 9:41:43] /a 2
[28/12/2017 9:47:5] /a 2
[28/12/2017 9:47:6] /a 2
[28/12/2017 9:47:6] /a 2
[28/12/2017 9:47:7] /a 2
[28/12/2017 9:47:7] /a 2
[28/12/2017 9:47:8] /a 2
[28/12/2017 9:47:8] /a 2
[28/12/2017 9:47:9] /a 2
[28/12/2017 9:47:9] /a 2
[28/12/2017 9:47:10] /a 2
[28/12/2017 9:49:5] /a 
[28/12/2017 9:49:8] /a 
[28/12/2017 9:49:9] /a 
[28/12/2017 9:51:14] /a
[28/12/2017 9:51:19] /a
[28/12/2017 9:56:51] /a 5
[28/12/2017 9:56:52] /a 5
[28/12/2017 9:56:52] /a 5
[28/12/2017 9:56:52] /a 5
[28/12/2017 9:56:53] /a 5
[28/12/2017 9:56:53] /a 5
[28/12/2017 9:56:53] /a 5
[28/12/2017 9:56:53] /a 5
[28/12/2017 9:56:53] /a 5
[28/12/2017 9:56:53] /a 5
[28/12/2017 9:56:53] /a 5
[28/12/2017 9:56:53] /a 5
[28/12/2017 9:56:53] /a 5
[28/12/2017 9:56:54] /a 5
[28/12/2017 9:56:54] /a 5
[28/12/2017 9:56:54] /a 5
[28/12/2017 9:56:55] /a 5
[28/12/2017 9:56:55] /a 5
[28/12/2017 9:56:55] /a 5
[28/12/2017 9:56:55] /a 5
[28/12/2017 9:56:55] /a 5
[28/12/2017 9:56:55] /a 5
[28/12/2017 9:56:55] /a 5
[28/12/2017 9:56:55] /a 5
[28/12/2017 9:56:55] /a 5
[28/12/2017 9:56:56] /a 5
[28/12/2017 9:56:56] /a 5
[28/12/2017 9:56:56] /a 5
[28/12/2017 9:56:56] /a 5
[28/12/2017 9:56:56] /a 5
[28/12/2017 9:56:56] /a 5
[28/12/2017 9:56:57] /a 5
[28/12/2017 9:56:57] /a 5
[28/12/2017 9:56:57] /a 5
[28/12/2017 9:56:57] /a 5
[28/12/2017 9:56:57] /a 5
[28/12/2017 9:56:57] /a 5
[28/12/2017 9:56:57] /a 5
[28/12/2017 9:56:57] /a 5
[28/12/2017 9:56:57] /a 5
[28/12/2017 9:56:57] /a 5
[28/12/2017 9:56:57] /a 5
[28/12/2017 9:56:57] /a 5
[28/12/2017 9:56:57] /a 5
[28/12/2017 9:56:57] /a 5
[28/12/2017 9:56:57] /a 5
[28/12/2017 9:56:58] /a 5
[28/12/2017 9:56:58] /a 5
[28/12/2017 9:56:58] /a 5
[28/12/2017 9:56:58] /a 5
[28/12/2017 9:56:58] /a 5
[28/12/2017 9:56:58] /a 5
[28/12/2017 9:56:58] /a 5
[28/12/2017 9:56:58] /a 5
[28/12/2017 9:56:58] /a 5
[28/12/2017 9:56:58] /a 5
[28/12/2017 9:56:58] /a 5
[28/12/2017 9:56:58] /a 5
[28/12/2017 9:56:58] /a 5
[28/12/2017 9:56:58] /a 5
[28/12/2017 9:56:58] /a 5
[28/12/2017 9:56:58] /a 5
[28/12/2017 9:56:58] /a 5
[28/12/2017 9:56:58] /a 5
[28/12/2017 9:56:58] /a 5
[28/12/2017 9:56:58] /a 5
[28/12/2017 9:56:58] /a 5
[28/12/2017 9:56:58] /a 5
[28/12/2017 9:56:58] /a 5
[28/12/2017 9:56:58] /a 5
[28/12/2017 9:56:58] /a 5
[28/12/2017 9:56:58] /a 5
[28/12/2017 9:56:58] /a 5
[28/12/2017 9:56:59] /a 5
[28/12/2017 9:56:59] /a 5
[28/12/2017 9:56:59] /a 5
[28/12/2017 9:56:59] /a 5
[28/12/2017 9:56:59] /a 5
[28/12/2017 9:56:59] /a 5
[28/12/2017 9:56:59] /a 5
[28/12/2017 9:56:59] /a 5
[28/12/2017 9:56:59] /a 5
[28/12/2017 9:56:59] /a 5
[28/12/2017 9:56:59] /a 5
[28/12/2017 9:56:59] /a 5
[28/12/2017 9:56:59] /a 5
[28/12/2017 9:56:59] /a 5
[28/12/2017 9:57:0] /a 5
[28/12/2017 9:57:0] /a 5
[28/12/2017 9:57:0] /a 5
[28/12/2017 9:57:0] /a 5
[28/12/2017 9:57:0] /a 5
[28/12/2017 9:57:1] /a 5
[28/12/2017 9:57:1] /a 5
[28/12/2017 9:57:1] /a 5
[28/12/2017 9:57:1] /a 5
[28/12/2017 9:57:1] /a 5
[28/12/2017 9:57:1] /a 5
[28/12/2017 9:57:1] /a 5
[28/12/2017 9:57:1] /a 5
[28/12/2017 9:57:1] /a 5
[28/12/2017 9:57:1] /a 5
[28/12/2017 9:57:2] /a 5
[28/12/2017 9:57:2] /a 5
[28/12/2017 9:57:2] /a 5
[28/12/2017 9:57:3] /a 5
[28/12/2017 9:57:3] /a 5
[28/12/2017 9:57:3] /a 5
[28/12/2017 9:57:4] /a 5
[28/12/2017 9:57:4] /a 5
[28/12/2017 9:57:7] /a 5
[28/12/2017 9:57:7] /a 5
[28/12/2017 9:57:7] /a 5
[28/12/2017 9:57:8] /a 5
[28/12/2017 9:57:8] /a 5
[28/12/2017 9:57:9] /a 5
[28/12/2017 9:57:10] /a 5
[28/12/2017 9:57:10] /a 5
[28/12/2017 9:57:12] /a 5
[28/12/2017 9:57:24] /a 5
[28/12/2017 9:57:25] /a 5
[28/12/2017 9:57:25] /a 5
[28/12/2017 9:57:25] /a 5
[28/12/2017 9:57:25] /a 5
[28/12/2017 9:57:25] /a 5
[28/12/2017 9:57:25] /a 5
[28/12/2017 9:57:26] /a 5
[28/12/2017 9:57:26] /a 5
[28/12/2017 9:57:26] /a 5
[28/12/2017 9:57:26] /a 5
[28/12/2017 9:57:26] /a 5
[28/12/2017 9:57:26] /a 5
[28/12/2017 9:57:26] /a 5
[28/12/2017 9:57:26] /a 5
[28/12/2017 9:57:26] /a 5
[28/12/2017 9:57:26] /a 5
[28/12/2017 9:57:26] /a 5
[28/12/2017 9:57:26] /a 5
[28/12/2017 9:57:27] /a 5
[28/12/2017 9:57:27] /a 5
[28/12/2017 9:57:27] /a 5
[28/12/2017 9:57:27] /a 5
[28/12/2017 9:57:27] /a 5
[28/12/2017 9:57:27] /a 5
[28/12/2017 9:57:27] /a 5
[28/12/2017 9:57:27] /a 5
[28/12/2017 9:57:27] /a 5
[28/12/2017 9:57:27] /a 5
[28/12/2017 9:57:28] /a 5
[28/12/2017 9:57:28] /a 5
[28/12/2017 9:57:28] /a 5
[28/12/2017 9:57:29] /a 5
[28/12/2017 9:57:29] /a 5
[28/12/2017 9:57:29] /a 5
[28/12/2017 9:57:30] /a 5
[28/12/2017 9:57:31] /a 5
[28/12/2017 9:57:31] /a 5
[28/12/2017 9:57:36] /a 5
[28/12/2017 9:57:36] /a 5
[28/12/2017 9:57:36] /a 5
[28/12/2017 9:57:36] /a 5
[28/12/2017 9:57:36] /a 5
[28/12/2017 9:57:36] /a 5
[28/12/2017 9:57:36] /a 5
[28/12/2017 9:57:37] /a 5
[28/12/2017 9:57:37] /a 5
[28/12/2017 9:57:37] /a 5
[28/12/2017 9:57:37] /a 5
[28/12/2017 9:57:37] /a 5
[28/12/2017 9:57:38] /a 5
[28/12/2017 9:57:38] /a 5
[28/12/2017 9:57:38] /a 5
[28/12/2017 9:57:38] /a 5
[28/12/2017 9:57:39] /a 5
[28/12/2017 9:57:39] /a 5
[28/12/2017 9:57:39] /a 5
[28/12/2017 9:57:42] /a 5
[28/12/2017 9:57:43] /a 5
[28/12/2017 9:57:43] /a 5
[28/12/2017 9:57:43] /a 5
[28/12/2017 9:57:43] /a 5
[28/12/2017 9:57:43] /a 5
[28/12/2017 9:57:43] /a 5
[28/12/2017 9:57:43] /a 5
[28/12/2017 9:57:43] /a 5
[28/12/2017 9:57:43] /a 5
[28/12/2017 9:57:43] /a 5
[28/12/2017 9:57:43] /a 5
[28/12/2017 9:57:44] /a 5
[28/12/2017 9:57:44] /a 5
[28/12/2017 9:57:44] /a 5
[28/12/2017 9:57:44] /a 5
[28/12/2017 9:57:45] /a 5
[28/12/2017 9:57:45] /a 5
[28/12/2017 9:57:45] /a 5
[28/12/2017 9:57:45] /a 5
[28/12/2017 9:57:45] /a 5
[28/12/2017 9:57:46] /a 5
[28/12/2017 9:57:48] /a 5
[28/12/2017 9:57:49] /a 5
[28/12/2017 9:57:49] /a 5
[28/12/2017 9:57:49] /a 5
[28/12/2017 9:57:49] /a 5
[28/12/2017 9:57:49] /a 5
[28/12/2017 9:57:49] /a 5
[28/12/2017 9:57:49] /a 5
[28/12/2017 9:57:49] /a 5
[28/12/2017 9:57:49] /a 5
[28/12/2017 9:57:49] /a 5
[28/12/2017 9:57:49] /a 5
[28/12/2017 9:57:49] /a 5
[28/12/2017 9:57:49] /a 5
[28/12/2017 9:57:49] /a 5
[28/12/2017 9:57:50] /a 5
[28/12/2017 9:57:50] /a 5
[28/12/2017 9:57:50] /a 5
[28/12/2017 9:57:52] /a 5
[28/12/2017 9:57:53] /a 5
[28/12/2017 9:57:57] /a 5
[28/12/2017 9:57:57] /a 5
[28/12/2017 9:57:57] /a 5
[28/12/2017 9:57:57] /a 5
[28/12/2017 9:57:58] /a 5
[28/12/2017 9:57:58] /a 5
[28/12/2017 9:57:58] /a 5
[28/12/2017 9:57:59] /a 5
[28/12/2017 9:58:0] /a 5
[28/12/2017 9:58:0] /a 5
[28/12/2017 9:58:0] /a 5
[28/12/2017 9:58:0] /a 5
[28/12/2017 9:58:0] /a 5
[28/12/2017 9:58:1] /a 5
[28/12/2017 9:58:1] /a 5
[28/12/2017 9:58:2] /a 5
[28/12/2017 9:58:2] /a 5
[28/12/2017 9:58:2] /a 5
[28/12/2017 9:58:2] /a 5
[28/12/2017 9:58:2] /a 5
[28/12/2017 9:58:2] /a 5
[28/12/2017 9:58:2] /a 5
[28/12/2017 9:58:3] /a 5
[28/12/2017 9:58:3] /a 5
[28/12/2017 9:58:3] /a 5
[28/12/2017 9:58:3] /a 5
[28/12/2017 9:58:3] /a 5
[28/12/2017 9:58:3] /a 5
[28/12/2017 9:58:3] /a 5
[28/12/2017 9:58:3] /a 5
[28/12/2017 9:58:4] /a 5
[28/12/2017 9:58:4] /a 5
[28/12/2017 9:58:4] /a 5
[28/12/2017 9:58:5] /a 5
[28/12/2017 9:58:5] /a 5
[28/12/2017 9:58:6] /a 5
[28/12/2017 9:58:6] /a 5
[28/12/2017 9:58:6] /a 5
[28/12/2017 9:58:7] /a 5
[28/12/2017 9:58:7] /a 5
[28/12/2017 9:58:8] /a 5
[28/12/2017 9:58:8] /a 5
[28/12/2017 9:58:8] /a 5
[28/12/2017 9:58:9] /a 5
[28/12/2017 9:58:9] /a 5
[28/12/2017 9:58:10] /a 5
[28/12/2017 9:58:10] /a 5
[28/12/2017 9:58:10] /a 5
[28/12/2017 9:58:13] /a 5
[28/12/2017 9:58:13] /a 5
[28/12/2017 9:58:13] /a 5
[28/12/2017 9:58:14] /a 5
[28/12/2017 9:58:14] /a 5
[28/12/2017 9:58:15] /a 5
[28/12/2017 9:58:15] /a 5
[28/12/2017 9:58:15] /a 5
[28/12/2017 9:58:15] /a 5
[28/12/2017 9:58:15] /a 5
[28/12/2017 9:58:15] /a 5
[28/12/2017 9:58:15] /a 5
[28/12/2017 9:58:15] /a 5
[28/12/2017 9:58:15] /a 5
[28/12/2017 9:58:17] /a 5
[28/12/2017 9:58:17] /a 5
[28/12/2017 9:58:17] /a 5
[28/12/2017 9:58:17] /a 5
[28/12/2017 9:58:17] /a 5
[28/12/2017 9:58:17] /a 5
[28/12/2017 9:58:17] /a 5
[28/12/2017 9:58:17] /a 5
[28/12/2017 9:58:18] /a 5
[28/12/2017 9:58:18] /a 5
[28/12/2017 9:58:18] /a 5
[28/12/2017 9:58:18] /a 5
[28/12/2017 9:58:18] /a 5
[28/12/2017 9:58:18] /a 5
[28/12/2017 9:58:18] /a 5
[28/12/2017 9:58:18] /a 5
[28/12/2017 9:58:18] /a 5
[28/12/2017 9:58:19] /a 5
[28/12/2017 9:58:19] /a 5
[28/12/2017 9:58:20] /a 5
[28/12/2017 9:58:20] /a 5
[28/12/2017 9:58:24] /a 5
[28/12/2017 9:58:25] /a 5
[28/12/2017 9:58:25] /a 5
[28/12/2017 9:58:25] /a 5
[28/12/2017 9:58:26] /a 5
[28/12/2017 9:58:26] /a 5
[28/12/2017 9:59:24] /t
[28/12/2017 9:59:39] /t
[28/12/2017 10:0:46] /i 2160
[28/12/2017 10:0:53] /i 9971
[28/12/2017 10:1:41] /t
[28/12/2017 10:2:59] /t
[28/12/2017 10:3:34] /t
[28/12/2017 10:26:24] /i 2160
[28/12/2017 10:29:13] /a
[28/12/2017 10:29:58] /a 2
[28/12/2017 10:30:13] /r
[28/12/2017 10:43:36] /reload global events
[28/12/2017 10:44:46] /reload global events
[28/12/2017 10:48:8] /t
[28/12/2017 10:51:40] /t
[28/12/2017 11:10:25] /t
[28/12/2017 12:44:41] /a 2
[28/12/2017 12:44:47] /a 2
[28/12/2017 12:44:49] /a 2
[28/12/2017 12:44:50] /a 2
[28/12/2017 12:44:50] /a 2
[28/12/2017 12:44:51] /a 2
[28/12/2017 12:44:51] /a 2
[28/12/2017 12:44:52] /a 2
[28/12/2017 12:44:52] /a 2
[28/12/2017 12:44:53] /a 2
[28/12/2017 12:44:53] /a 2
[28/12/2017 12:44:53] /a 2
[28/12/2017 12:44:54] /a 2
[28/12/2017 12:44:54] /a 2
[28/12/2017 12:44:55] /a 2
[28/12/2017 12:44:55] /a 2
[28/12/2017 12:44:56] /a 2
[28/12/2017 12:44:56] /a 2
[28/12/2017 12:44:57] /a 2
[28/12/2017 12:44:57] /a 2
[28/12/2017 12:44:58] /a 2
[28/12/2017 12:44:58] /a 2
[28/12/2017 12:44:59] /a 2
[28/12/2017 12:45:2] /a 2/a 10
[28/12/2017 12:45:5] /a 2/a 10
[28/12/2017 12:45:9] /a 10
[28/12/2017 12:45:10] /a 10
[28/12/2017 12:45:10] /a 10
[28/12/2017 12:45:11] /a 10
[28/12/2017 12:45:12] /a 10
[28/12/2017 12:45:14] /a 10
[28/12/2017 12:45:15] /a 10
[28/12/2017 12:45:16] /a 10
[28/12/2017 12:45:16] /a 10
[28/12/2017 12:45:18] /a 10
[28/12/2017 12:45:20] /a 10
[28/12/2017 12:45:21] /a 10
[28/12/2017 12:50:32] /z
[28/12/2017 12:50:36] /z 1
[28/12/2017 12:50:39] /z 30
[28/12/2017 12:50:40] /z 31
[28/12/2017 12:50:42] /z 32
[28/12/2017 12:50:43] /z 33
[28/12/2017 12:50:46] /z 34
[28/12/2017 12:50:51] /z 3
[28/12/2017 12:50:53] /z 2
[28/12/2017 12:50:55] /z 4
[28/12/2017 12:50:56] /z 5
[28/12/2017 12:50:58] /z 6
[28/12/2017 12:52:33] /z 7
[28/12/2017 12:52:34] /z 8
[28/12/2017 12:52:36] /z 9
[28/12/2017 12:52:39] /z 10
[28/12/2017 12:52:40] /z 11
[28/12/2017 12:52:41] /z 12
[28/12/2017 12:52:44] /z 13
[28/12/2017 12:52:45] /z 14
[28/12/2017 12:52:46] /z 15
[28/12/2017 12:52:47] /z 16
[28/12/2017 12:52:48] /z 17
[28/12/2017 12:52:50] /z 18
[28/12/2017 12:52:51] /z 19
[28/12/2017 12:52:54] /z 20
[28/12/2017 12:52:55] /z 21
[28/12/2017 12:52:56] /z 22
[28/12/2017 12:52:57] /z 23
[28/12/2017 12:52:58] /z 24
[28/12/2017 12:52:59] /z 25
[28/12/2017 12:53:1] /z 26
[28/12/2017 12:53:2] /z 27
[28/12/2017 12:53:4] /z 28
[28/12/2017 12:53:12] /z 28
[28/12/2017 12:53:15] /z 287
[28/12/2017 12:53:18] /z 27
[28/12/2017 12:55:28] /i 2185
[28/12/2017 12:55:53] /z 30
[28/12/2017 12:55:54] /z 31
[28/12/2017 12:55:56] /z 32
[28/12/2017 12:55:57] /z 33
[28/12/2017 12:55:58] /z 34
[28/12/2017 12:55:59] /z 35
[28/12/2017 12:56:2] /z 34
[28/12/2017 12:56:3] /z 35
[28/12/2017 12:56:5] /z 36
[28/12/2017 12:56:6] /z 37
[28/12/2017 12:56:7] /z 38
[28/12/2017 12:56:9] /z 39
[28/12/2017 12:56:12] /z 40
[28/12/2017 12:56:13] /z 41
[28/12/2017 12:56:14] /z 42
[28/12/2017 12:56:15] /z 43
[28/12/2017 12:56:16] /z 44
[28/12/2017 12:56:17] /z 45
[28/12/2017 12:56:19] /z 46
[28/12/2017 12:56:20] /z 47
[28/12/2017 12:56:21] /z 48
[28/12/2017 12:56:22] /z 49
[28/12/2017 12:56:25] /z 30
[28/12/2017 12:56:31] /z 50
[28/12/2017 12:56:32] /z 51
[28/12/2017 12:56:33] /z 52
[28/12/2017 12:56:35] /z 51
[28/12/2017 12:59:43] /t
[28/12/2017 12:59:47] /i 2184
[28/12/2017 13:0:37] /m demon
[28/12/2017 13:0:40] /a 2
[28/12/2017 13:0:58] /m demon
[28/12/2017 13:1:49] /up
[28/12/2017 13:2:55] /t
[28/12/2017 13:20:15] /i 2184
