[17/2/2018 19:21:11] /attr
[17/2/2018 19:24:2] /attr atk 99999
[17/2/2018 19:25:15] /i 2160, 999999999999999999999999999999999999999
[17/2/2018 19:25:23] /i 2160, 999
[17/2/2018 19:25:26] /i 2160, 999
[17/2/2018 19:25:27] /i 2160, 99
[17/2/2018 19:25:28] /i 2160, 99
[17/2/2018 19:25:29] /i 2160, 99
[17/2/2018 19:25:31] /i 2160, 100
[17/2/2018 19:25:33] /i 2160, 100
[17/2/2018 19:25:36] /i 2160, 1000
[17/2/2018 19:25:42] /i 2160, 1000
[17/2/2018 19:25:43] /i 2160, 1000
[17/2/2018 19:25:44] /i 2160, 1000
[17/2/2018 19:25:44] /i 2160, 1000
[17/2/2018 19:25:45] /i 2160, 1000
[17/2/2018 19:25:46] /i 2160, 1000
[17/2/2018 19:26:34] /i 2160, 1000
[17/2/2018 19:26:36] /i 2160, 1000
[17/2/2018 19:26:37] /i 2160, 1000
[17/2/2018 19:26:38] /i 2160, 1000
[17/2/2018 19:26:52] /i 2160, 1000
[17/2/2018 19:26:53] /i 2160, 1000
[17/2/2018 23:19:11] /attr def 99
[17/2/2018 23:19:19] /attr def=99
[17/2/2018 23:19:34] /attr def:99
[17/2/2018 23:19:40] /attr def99
[17/2/2018 23:19:42] /attr def
[17/2/2018 23:19:48] /attr def, 99
[17/2/2018 23:20:47] /attr set def 99
[17/2/2018 23:20:54] /attr set defense 99
[18/2/2018 0:29:44] /ghost
[18/2/2018 0:42:56] /ghost
[18/2/2018 0:43:0] /ghost
[19/2/2018 20:20:30] /ghost
[20/2/2018 19:26:40] /i 9971, 99
[20/2/2018 19:26:42] /i 9971, 99
[20/2/2018 19:26:42] /i 9971, 99
[20/2/2018 19:26:43] /i 9971, 99
[20/2/2018 19:26:43] /i 9971, 99
[20/2/2018 19:26:44] /i 9971, 99
[20/2/2018 19:26:44] /i 9971, 99
[20/2/2018 20:2:22] /i 11903
[20/2/2018 20:2:26] /i 11903
[20/2/2018 20:2:35] /r
[20/2/2018 20:2:53] /i 3218
[20/2/2018 20:2:57] /i 3218
[20/2/2018 20:3:10] /r
[20/2/2018 20:3:11] /r
[21/2/2018 19:0:54] /attr level,100
[22/2/2018 19:34:4] /ghost
[22/2/2018 19:38:22] /goto Vida Loka
[22/2/2018 19:38:37] /addskill magic level 99
[22/2/2018 19:38:43] /ghost
[22/2/2018 19:38:49] /addskill magic 99
[22/2/2018 19:38:52] /addskill magic 99
[22/2/2018 19:39:38] /addskill Magic, Vida Loka 
[22/2/2018 19:39:48] /addskill Vida Loka, magic
[22/2/2018 19:40:8] /addskill Vida Loka, magic 99
[22/2/2018 19:40:15] /addskill Vida Loka, magic 
[22/2/2018 19:40:16] /addskill Vida Loka, magic 
[22/2/2018 19:40:16] /addskill Vida Loka, magic 
[22/2/2018 19:40:17] /addskill Vida Loka, magic 
[22/2/2018 19:40:17] /addskill Vida Loka, magic 
[22/2/2018 19:40:18] /addskill Vida Loka, magic 
[22/2/2018 19:40:18] /addskill Vida Loka, magic 
[22/2/2018 19:40:18] /addskill Vida Loka, magic 
[22/2/2018 19:40:19] /addskill Vida Loka, magic 
[22/2/2018 19:40:19] /addskill Vida Loka, magic 
[22/2/2018 19:40:20] /addskill Vida Loka, magic 
[22/2/2018 19:40:20] /addskill Vida Loka, magic 
[22/2/2018 19:40:21] /addskill Vida Loka, magic 
[22/2/2018 19:40:21] /addskill Vida Loka, magic 
[22/2/2018 19:40:22] /addskill Vida Loka, magic 
[22/2/2018 19:40:22] /addskill Vida Loka, magic 
[22/2/2018 19:40:23] /addskill Vida Loka, magic 
[22/2/2018 19:40:23] /addskill Vida Loka, magic 
[22/2/2018 19:40:24] /addskill Vida Loka, magic 
[22/2/2018 19:40:24] /addskill Vida Loka, magic 
[22/2/2018 19:40:24] /addskill Vida Loka, magic 
[22/2/2018 19:40:25] /addskill Vida Loka, magic 
[22/2/2018 19:40:25] /addskill Vida Loka, magic 
[22/2/2018 19:40:26] /addskill Vida Loka, magic 
[22/2/2018 19:40:26] /addskill Vida Loka, magic 
[22/2/2018 19:40:27] /addskill Vida Loka, magic 
[22/2/2018 19:40:27] /addskill Vida Loka, magic 
[22/2/2018 19:40:28] /addskill Vida Loka, magic 
[22/2/2018 19:40:28] /addskill Vida Loka, magic 
[22/2/2018 19:40:29] /addskill Vida Loka, magic 
[22/2/2018 19:40:29] /addskill Vida Loka, magic 
[22/2/2018 19:40:30] /addskill Vida Loka, magic 
[22/2/2018 19:40:30] /addskill Vida Loka, magic 
[22/2/2018 19:40:31] /addskill Vida Loka, magic 
[22/2/2018 19:40:31] /addskill Vida Loka, magic 
[22/2/2018 19:40:32] /addskill Vida Loka, magic 
[22/2/2018 19:40:32] /addskill Vida Loka, magic 
[22/2/2018 19:40:33] /addskill Vida Loka, magic 
[22/2/2018 19:40:34] /addskill Vida Loka, magic 
[22/2/2018 19:40:34] /addskill Vida Loka, magic 
[22/2/2018 19:40:35] /addskill Vida Loka, magic 
[22/2/2018 19:40:35] /addskill Vida Loka, magic 
[22/2/2018 19:40:38] /addskill Vida Loka, magic 
[22/2/2018 19:40:39] /addskill Vida Loka, magic 
[22/2/2018 19:40:39] /addskill Vida Loka, magic 
[22/2/2018 19:40:39] /addskill Vida Loka, magic 
[22/2/2018 19:40:40] /addskill Vida Loka, magic 
[22/2/2018 19:40:40] /addskill Vida Loka, magic 
[22/2/2018 19:40:41] /addskill Vida Loka, magic 
[22/2/2018 19:40:41] /addskill Vida Loka, magic 
[22/2/2018 19:40:42] /addskill Vida Loka, magic 
[22/2/2018 19:40:42] /addskill Vida Loka, magic 
[22/2/2018 19:40:43] /addskill Vida Loka, magic 
[22/2/2018 19:40:43] /addskill Vida Loka, magic 
[22/2/2018 19:40:44] /addskill Vida Loka, magic 
[22/2/2018 19:40:45] /addskill Vida Loka, magic 
[22/2/2018 19:40:45] /addskill Vida Loka, magic 
[22/2/2018 19:40:46] /addskill Vida Loka, magic 
[22/2/2018 19:40:46] /addskill Vida Loka, magic 
[22/2/2018 19:40:47] /addskill Vida Loka, magic 
[22/2/2018 19:40:47] /addskill Vida Loka, magic 
[22/2/2018 19:40:48] /addskill Vida Loka, magic 
[22/2/2018 19:40:48] /addskill Vida Loka, magic 
[22/2/2018 19:40:50] /addskill Vida Loka, magic 
[22/2/2018 19:40:50] /addskill Vida Loka, magic 
[22/2/2018 19:40:51] /addskill Vida Loka, magic 
[22/2/2018 19:40:52] /addskill Vida Loka, magic 
[22/2/2018 19:40:53] /addskill Vida Loka, magic 
[22/2/2018 20:4:6] /addskill Michel, level
[22/2/2018 20:4:17] /addskill Michel, 80 level
[22/2/2018 20:4:24] /addskill Michel, level, 80
[22/2/2018 20:5:27] /addskill Michel, magic, 190
[22/2/2018 20:29:44] /c Vida Loka
[22/2/2018 20:34:30] /a 2
[22/2/2018 20:34:35] /a 2
[22/2/2018 20:36:2] /down
[22/2/2018 20:36:4] /down
[22/2/2018 20:36:5] /down
[22/2/2018 20:36:5] /down
[22/2/2018 20:36:6] /down
[22/2/2018 20:39:27] /a 2
[22/2/2018 20:39:31] /a 2
[22/2/2018 23:36:28] /addskill Michel, level, 80
[22/2/2018 23:53:40] /a 2
[23/2/2018 0:33:11] /addskill Michel, sword, 200
[23/2/2018 0:33:38] /addskill Michel, sword, 200
[23/2/2018 0:33:40] /addskill Michel, sword, 200
[23/2/2018 0:33:45] /addskill Michel, sword, 200
[23/2/2018 0:33:46] /addskill Michel, sword, 200
[23/2/2018 0:33:46] /addskill Michel, sword, 200
[23/2/2018 0:33:47] /addskill Michel, sword, 200
[23/2/2018 0:33:47] /addskill Michel, sword, 200
[23/2/2018 0:36:43] /a 30
[23/2/2018 0:37:41] /addskill Michel, level, 200
[23/2/2018 0:37:48] /a 30
[23/2/2018 0:37:50] /a 30
[23/2/2018 0:37:51] /a 30
[23/2/2018 0:38:27] /a 30
[23/2/2018 0:38:31] /a 10
[23/2/2018 0:38:34] /a 2
[23/2/2018 0:39:17] /a 5
[23/2/2018 0:41:19] /t
[23/2/2018 23:0:51] /t
[23/2/2018 23:5:33] /c 5925
[23/2/2018 23:6:6] /i 5925, 30
[23/2/2018 23:6:8] /i 5925, 30
[23/2/2018 23:34:25] /a 2
[23/2/2018 23:34:55] /a 2
[24/2/2018 12:20:6] /vip
[24/2/2018 12:20:54] /vip
[24/2/2018 12:21:11] /vip
[24/2/2018 12:21:17] /vip add Vida Loka
[24/2/2018 12:27:42] /vip
[24/2/2018 12:27:53] /vip add 7 Vida Loka
